[I 2023-11-09 23:53:28.881 ServerApp] Package jupyterlab took 0.0000s to import
[I 2023-11-09 23:53:28.906 ServerApp] Package jupyter_lsp took 0.0240s to import
[W 2023-11-09 23:53:28.906 ServerApp] A `_jupyter_server_extension_points` function was not found in jupyter_lsp. Instead, a `_jupyter_server_extension_paths` function was found and will be used for now. This function name will be deprecated in future releases of Jupyter Server.
[I 2023-11-09 23:53:28.917 ServerApp] Package jupyter_server_terminals took 0.0106s to import
[I 2023-11-09 23:53:28.918 ServerApp] Package notebook_shim took 0.0000s to import
[W 2023-11-09 23:53:28.918 ServerApp] A `_jupyter_server_extension_points` function was not found in notebook_shim. Instead, a `_jupyter_server_extension_paths` function was found and will be used for now. This function name will be deprecated in future releases of Jupyter Server.
[I 2023-11-09 23:53:28.918 ServerApp] jupyter_lsp | extension was successfully linked.
[I 2023-11-09 23:53:28.924 ServerApp] jupyter_server_terminals | extension was successfully linked.
[I 2023-11-09 23:53:28.929 ServerApp] jupyterlab | extension was successfully linked.
[I 2023-11-09 23:53:29.305 ServerApp] notebook_shim | extension was successfully linked.
[I 2023-11-09 23:53:29.384 ServerApp] notebook_shim | extension was successfully loaded.
[I 2023-11-09 23:53:29.386 ServerApp] jupyter_lsp | extension was successfully loaded.
[I 2023-11-09 23:53:29.388 ServerApp] jupyter_server_terminals | extension was successfully loaded.
[I 2023-11-09 23:53:29.390 LabApp] JupyterLab extension loaded from /Users/lawrencexu/anaconda3/envs/wenlu/lib/python3.10/site-packages/jupyterlab
[I 2023-11-09 23:53:29.390 LabApp] JupyterLab application directory is /Users/lawrencexu/anaconda3/envs/wenlu/share/jupyter/lab
[I 2023-11-09 23:53:29.391 LabApp] Extension Manager is 'pypi'.
[I 2023-11-09 23:53:29.394 ServerApp] jupyterlab | extension was successfully loaded.
[I 2023-11-09 23:53:29.395 ServerApp] Serving notebooks from local directory: /Users/lawrencexu/Documents/wenlu
[I 2023-11-09 23:53:29.395 ServerApp] Jupyter Server 2.10.0 is running at:
[I 2023-11-09 23:53:29.395 ServerApp] http://localhost:8889/lab?token=65c7ff6d9e87de0862f6afc13e61337d7aeeea036cfedf75
[I 2023-11-09 23:53:29.395 ServerApp]     http://127.0.0.1:8889/lab?token=65c7ff6d9e87de0862f6afc13e61337d7aeeea036cfedf75
[I 2023-11-09 23:53:29.395 ServerApp] Use Control-C to stop this server and shut down all kernels (twice to skip confirmation).
[C 2023-11-09 23:53:29.398 ServerApp] 
    
    To access the server, open this file in a browser:
        file:///Users/lawrencexu/Library/Jupyter/runtime/jpserver-1012-open.html
    Or copy and paste one of these URLs:
        http://localhost:8889/lab?token=65c7ff6d9e87de0862f6afc13e61337d7aeeea036cfedf75
        http://127.0.0.1:8889/lab?token=65c7ff6d9e87de0862f6afc13e61337d7aeeea036cfedf75
[I 2023-11-09 23:53:30.201 ServerApp] Skipped non-installed server(s): bash-language-server, dockerfile-language-server-nodejs, javascript-typescript-langserver, jedi-language-server, julia-language-server, pyright, python-language-server, python-lsp-server, r-languageserver, sql-language-server, texlab, typescript-language-server, unified-language-server, vscode-css-languageserver-bin, vscode-html-languageserver-bin, vscode-json-languageserver-bin, yaml-language-server
[W 2023-11-09 23:54:01.285 ServerApp] Clearing invalid/expired login cookie username-localhost-8889
[I 2023-11-09 23:54:01.286 LabApp] 302 GET /lab (@::1) 2.24ms
[I 2023-11-09 23:54:19.576 LabApp] Build is up to date
[I 2023-11-09 23:54:31.961 ServerApp] Creating new notebook in 
[I 2023-11-09 23:54:33.564 ServerApp] Kernel started: 020fcdf0-e7dd-4b7d-ae5b-645a51332c28
[I 2023-11-09 23:54:34.306 ServerApp] Connecting to kernel 020fcdf0-e7dd-4b7d-ae5b-645a51332c28.
[I 2023-11-09 23:54:34.732 ServerApp] Connecting to kernel 020fcdf0-e7dd-4b7d-ae5b-645a51332c28.
[I 2023-11-09 23:54:36.385 ServerApp] Kernel started: 3a1e19df-c1ea-4ec0-b46a-0391282c47a7
[I 2023-11-09 23:54:37.096 ServerApp] Connecting to kernel 3a1e19df-c1ea-4ec0-b46a-0391282c47a7.
[I 2023-11-09 23:54:43.242 ServerApp] Kernel shutdown: 020fcdf0-e7dd-4b7d-ae5b-645a51332c28
[W 2023-11-09 23:54:44.066 ServerApp] delete /Untitled.ipynb
[I 2023-11-09 23:56:36.669 ServerApp] Saving file at /geonames.ipynb
[I 2023-11-09 23:58:37.978 ServerApp] Saving file at /geonames.ipynb
[I 2023-11-10 00:02:39.195 ServerApp] Saving file at /geonames.ipynb
[I 2023-11-10 00:04:40.104 ServerApp] Saving file at /geonames.ipynb
[I 2023-11-10 00:06:40.971 ServerApp] Saving file at /geonames.ipynb
[I 2023-11-10 00:08:41.933 ServerApp] Saving file at /geonames.ipynb
